<?xml version="1.0" encoding="UTF-8"?>
<!-- Generated by org.testng.reporters.JUnitReportReporter -->
<testsuite hostname="DESKTOP-F55OVVE" failures="0" tests="1" name="com.TestCases.AmazonSearchProductsNoofMobile" time="13.018" errors="0" timestamp="2023-02-07T18:56:09 IST" skipped="0">
  <testcase classname="com.TestCases.AmazonSearchProductsNoofMobile" name="amazonSearch" time="13.018"/>
  <system-out/>
</testsuite> <!-- com.TestCases.AmazonSearchProductsNoofMobile -->
