<?xml version="1.0" encoding="UTF-8"?>
<!-- Generated by org.testng.reporters.JUnitReportReporter -->
<testsuite hostname="DESKTOP-DJQ94NE" failures="0" tests="1" name="com.TestCases.OrangeHRMDataBaseLoginPageTest" time="18.570" errors="0" timestamp="2023-02-06T11:52:29 EST" skipped="0">
  <testcase classname="com.TestCases.OrangeHRMDataBaseLoginPageTest" name="orangeHRMLoginPageTestDataFromDatabase" time="18.570"/>
  <system-out/>
</testsuite> <!-- com.TestCases.OrangeHRMDataBaseLoginPageTest -->
