<?xml version="1.0" encoding="UTF-8"?>
<!-- Generated by org.testng.reporters.JUnitReportReporter -->
<testsuite hostname="DESKTOP-F55OVVE" failures="0" tests="1" name="com.TestCases.CreateAccountPage" time="13.697" errors="0" timestamp="2023-02-07T18:49:22 IST" skipped="0">
  <testcase classname="com.TestCases.CreateAccountPage" name="createAccountTest" time="13.697"/>
  <system-out/>
</testsuite> <!-- com.TestCases.CreateAccountPage -->
